<?xml version="1.0" encoding="UTF-8"?>
<!-- Generated by org.testng.reporters.JUnitReportReporter -->
<testsuite hostname="Tsales-p014" failures="0" tests="3" name="swaglab.myClass" time="18.269" errors="0" timestamp="2023-10-24T12:43:10 EET" skipped="0">
  <testcase classname="swaglab.myClass" name="LoginWithProblemUser" time="3.804"/>
  <system-out/>
  <testcase classname="swaglab.myClass" name="LoginWithStandardUSer" time="5.537"/>
  <system-out/>
  <testcase classname="swaglab.myClass" name="LoginWithPerformanceUser" time="8.928"/>
  <system-out/>
</testsuite> <!-- swaglab.myClass -->
